<?xml version="1.0" encoding="UTF-8"?>
<!-- Generated by org.testng.reporters.JUnitReportReporter -->
<testsuite skipped="0" hostname="LAPTOP-CE5NOSOD" name="OrangeHRM.TestCases.EmployeeRegTest" tests="1" failures="0" timestamp="29 Jun 2022 16:41:14 GMT" time="4.697" errors="0">
  <testcase name="checkempReg" time="4.697" classname="OrangeHRM.TestCases.EmployeeRegTest"/>
</testsuite> <!-- OrangeHRM.TestCases.EmployeeRegTest -->
