<?xml version="1.0" encoding="UTF-8"?>
<!-- Generated by org.testng.reporters.JUnitReportReporter -->
<testsuite skipped="0" hostname="LAPTOP-CE5NOSOD" name="OrangeHRM.TestCases.Employeereg" tests="1" failures="0" timestamp="20 Jun 2022 13:40:01 GMT" time="0.011" errors="0">
  <testcase name="checkempReg" time="0.011" classname="OrangeHRM.TestCases.Employeereg"/>
</testsuite> <!-- OrangeHRM.TestCases.Employeereg -->
