<?xml version="1.0" encoding="UTF-8"?>
<!-- Generated by org.testng.reporters.JUnitReportReporter -->
<testsuite skipped="0" hostname="LAPTOP-CE5NOSOD" name="OrangeHRM.TestCases.AdminLoginTestWithValidData" tests="1" failures="0" timestamp="29 Jun 2022 16:41:14 GMT" time="3.077" errors="0">
  <testcase name="CheckAdminLogin" time="3.077" classname="OrangeHRM.TestCases.AdminLoginTestWithValidData"/>
</testsuite> <!-- OrangeHRM.TestCases.AdminLoginTestWithValidData -->
