<?xml version="1.0" encoding="UTF-8"?>
<!-- Generated by org.testng.reporters.JUnitReportReporter -->
<testsuite skipped="0" hostname="LAPTOP-CE5NOSOD" name="OrangeHRM.TestCases.AdminLoginTestwithInvalidData" tests="1" failures="0" timestamp="29 Jun 2022 16:41:14 GMT" time="0.632" errors="0">
  <testcase name="checkAdminLogin" time="0.632" classname="OrangeHRM.TestCases.AdminLoginTestwithInvalidData"/>
</testsuite> <!-- OrangeHRM.TestCases.AdminLoginTestwithInvalidData -->
